::1 - - [03/Oct/2021:13:18:02 +0000] "GET /api/user/own HTTP/1.1" 200 318
::1 - - [03/Oct/2021:13:18:11 +0000] "GET /api/user/owns HTTP/1.1" 404 140
::1 - - [03/Oct/2021:13:52:31 +0000] "POST /api/auth/sigin HTTP/1.1" 200 462
::1 - - [03/Oct/2021:13:52:54 +0000] "GET /api/admin/users HTTP/1.1" 200 583
::1 - - [03/Oct/2021:13:53:40 +0000] "GET /api/admin/users HTTP/1.1" 200 583
::1 - - [03/Oct/2021:13:56:17 +0000] "GET /api/admin/users HTTP/1.1" 200 583
::1 - - [03/Oct/2021:14:01:53 +0000] "GET /api/admin/users HTTP/1.1" 200 44
::1 - - [03/Oct/2021:14:02:05 +0000] "GET /api/admin/users HTTP/1.1" 200 44
::1 - - [03/Oct/2021:14:03:55 +0000] "GET /api/admin/users HTTP/1.1" 200 44
::1 - - [03/Oct/2021:14:04:17 +0000] "GET /api/admin/users HTTP/1.1" 200 44
::1 - - [03/Oct/2021:14:05:32 +0000] "GET /api/admin/users HTTP/1.1" 200 738
::1 - - [03/Oct/2021:14:05:38 +0000] "GET /api/admin/user/1 HTTP/1.1" 403 38
::1 - - [03/Oct/2021:14:05:38 +0000] "GET /favicon.ico HTTP/1.1" 404 140
::1 - - [03/Oct/2021:14:05:39 +0000] "GET /api/admin/user/1 HTTP/1.1" 403 38
::1 - - [03/Oct/2021:14:05:58 +0000] "GET /api/admin/users HTTP/1.1" 200 738
::1 - - [03/Oct/2021:14:06:13 +0000] "GET /api/admin/user/1 HTTP/1.1" 403 38
::1 - - [03/Oct/2021:14:06:20 +0000] "GET /api/admin/user/1 HTTP/1.1" 200 307
::1 - - [03/Oct/2021:14:08:22 +0000] "GET /api/admin/users HTTP/1.1" 200 738
::1 - - [03/Oct/2021:14:10:39 +0000] "GET /api/admin/user/1 HTTP/1.1" 200 307
::1 - - [03/Oct/2021:14:10:41 +0000] "GET /api/admin/user/2 HTTP/1.1" 200 319
::1 - - [03/Oct/2021:14:10:43 +0000] "GET /api/admin/user/3 HTTP/1.1" 200 48
::1 - - [03/Oct/2021:14:22:06 +0000] "GET /api/admin/user/2 HTTP/1.1" 200 319
::1 - - [03/Oct/2021:14:22:08 +0000] "GET /api/admin/user/3 HTTP/1.1" 400 42
::1 - - [03/Oct/2021:14:22:30 +0000] "GET /api/admin/user/3 HTTP/1.1" 400 59
::1 - - [03/Oct/2021:14:22:41 +0000] "GET /api/admin/user/3 HTTP/1.1" 400 42
::1 - - [03/Oct/2021:14:22:50 +0000] "GET /api/admin/user/2 HTTP/1.1" 200 319
::1 - - [03/Oct/2021:14:23:37 +0000] "GET /api/admin/user/'1' HTTP/1.1" - -
::1 - - [03/Oct/2021:14:24:47 +0000] "GET /api/admin/user/'1' HTTP/1.1" - -
::1 - - [03/Oct/2021:14:25:55 +0000] "GET /api/admin/user/'1' HTTP/1.1" 500 902
::1 - - [03/Oct/2021:14:32:27 +0000] "GET /api/admin/user/1 HTTP/1.1" 200 307
::1 - - [03/Oct/2021:14:49:13 +0000] "PATCH /api/admin/exercise/6 HTTP/1.1" 200 53
::1 - - [03/Oct/2021:14:49:31 +0000] "PATCH /api/admin/exercise/6 HTTP/1.1" 200 53
::1 - - [03/Oct/2021:14:51:37 +0000] "PATCH /api/admin/exercise/6 HTTP/1.1" 200 53
::1 - - [03/Oct/2021:14:51:48 +0000] "PATCH /api/admin/exercise/6 HTTP/1.1" 200 53
::1 - - [03/Oct/2021:14:52:35 +0000] "PATCH /api/admin/exercise/6 HTTP/1.1" 200 53
::1 - - [03/Oct/2021:14:52:54 +0000] "PATCH /api/admin/exercise/6 HTTP/1.1" 200 53
::1 - - [03/Oct/2021:14:53:32 +0000] "PATCH /api/admin/exercise/6 HTTP/1.1" 200 53
::1 - - [03/Oct/2021:14:55:14 +0000] "PATCH /api/admin/exercise/6 HTTP/1.1" 200 53
::1 - - [03/Oct/2021:14:55:22 +0000] "PATCH /api/admin/exercise/6 HTTP/1.1" 200 53
::1 - - [03/Oct/2021:14:55:34 +0000] "PATCH /api/admin/exercise/6 HTTP/1.1" 200 53
::1 - - [03/Oct/2021:14:59:03 +0000] "PATCH /api/admin/exercise/6 HTTP/1.1" 200 281
::1 - - [03/Oct/2021:15:06:49 +0000] "POST /api/auth/signup HTTP/1.1" 500 66
::1 - - [03/Oct/2021:15:14:11 +0000] "POST /api/auth/signup HTTP/1.1" 400 1037
::1 - - [03/Oct/2021:15:16:03 +0000] "POST /api/auth/signup HTTP/1.1" - -
::1 - - [03/Oct/2021:15:16:21 +0000] "POST /api/auth/signup HTTP/1.1" 500 66
::1 - - [03/Oct/2021:15:17:27 +0000] "POST /api/auth/signup HTTP/1.1" 500 58
::1 - - [03/Oct/2021:15:20:06 +0000] "POST /api/auth/signup HTTP/1.1" 200 47
::1 - - [03/Oct/2021:15:20:45 +0000] "POST /api/auth/signup HTTP/1.1" 500 58
::1 - - [03/Oct/2021:15:27:51 +0000] "POST /api/auth/signup HTTP/1.1" 500 25
::1 - - [03/Oct/2021:15:28:27 +0000] "POST /api/auth/signup HTTP/1.1" 500 25
::1 - - [03/Oct/2021:15:30:13 +0000] "POST /api/auth/signup HTTP/1.1" 500 25
::1 - - [03/Oct/2021:15:30:41 +0000] "POST /api/auth/signup HTTP/1.1" 500 25
::1 - - [03/Oct/2021:15:31:43 +0000] "POST /api/auth/signup HTTP/1.1" 500 44
::1 - - [03/Oct/2021:15:31:54 +0000] "POST /api/auth/signup HTTP/1.1" 500 44
::1 - - [03/Oct/2021:15:32:38 +0000] "POST /api/auth/signup HTTP/1.1" 500 64
::1 - - [03/Oct/2021:15:32:43 +0000] "POST /api/auth/signup HTTP/1.1" 500 64
::1 - - [03/Oct/2021:15:32:55 +0000] "POST /api/auth/signup HTTP/1.1" 500 66
::1 - - [03/Oct/2021:15:33:16 +0000] "POST /api/auth/signup HTTP/1.1" 500 66
::1 - - [03/Oct/2021:15:33:31 +0000] "POST /api/auth/signup HTTP/1.1" 500 66
::1 - - [03/Oct/2021:15:34:08 +0000] "POST /api/auth/signup HTTP/1.1" 500 66
::1 - - [03/Oct/2021:15:35:02 +0000] "POST /api/auth/signup HTTP/1.1" 500 66
::1 - - [03/Oct/2021:15:35:11 +0000] "POST /api/auth/signup HTTP/1.1" 500 66
::1 - - [03/Oct/2021:15:35:18 +0000] "POST /api/auth/signup HTTP/1.1" 200 47
::1 - - [03/Oct/2021:15:36:45 +0000] "POST /api/auth/signup HTTP/1.1" 500 66
::1 - - [03/Oct/2021:15:37:56 +0000] "POST /api/auth/signup HTTP/1.1" 400 50
::1 - - [03/Oct/2021:15:38:15 +0000] "POST /api/auth/signup HTTP/1.1" 500 66
::1 - - [03/Oct/2021:15:49:58 +0000] "GET /api/admin/exercises HTTP/1.1" 200 -
::1 - - [03/Oct/2021:15:51:40 +0000] "GET /api/admin/exercises HTTP/1.1" 200 -
::1 - - [03/Oct/2021:15:51:47 +0000] "GET /api/admin/exercises HTTP/1.1" 200 1409
::1 - - [03/Oct/2021:15:51:50 +0000] "GET /api/admin/exercises HTTP/1.1" 403 38
::1 - - [03/Oct/2021:15:51:53 +0000] "GET /api/admin/exercises HTTP/1.1" 200 1409
::1 - - [03/Oct/2021:15:53:53 +0000] "GET /api/admin/exercises/1 HTTP/1.1" 401 13
::1 - - [03/Oct/2021:15:53:57 +0000] "GET /api/admin/exercises HTTP/1.1" 401 13
::1 - - [03/Oct/2021:15:54:23 +0000] "POST /api/auth/sigin HTTP/1.1" 200 462
::1 - - [03/Oct/2021:15:54:40 +0000] "GET /api/admin/exercises HTTP/1.1" 200 1409
::1 - - [03/Oct/2021:15:55:13 +0000] "GET /api/admin/exercises/1 HTTP/1.1" 404 140
::1 - - [03/Oct/2021:15:55:19 +0000] "GET /api/admin/exercise/1 HTTP/1.1" 200 188
::1 - - [03/Oct/2021:15:55:35 +0000] "GET /api/admin/exercises HTTP/1.1" 200 1409
::1 - - [03/Oct/2021:15:58:18 +0000] "DELETE /api/admin/exercise/6 HTTP/1.1" 200 181
::1 - - [03/Oct/2021:15:58:52 +0000] "DELETE /api/admin/exercise/6 HTTP/1.1" 403 38
::1 - - [03/Oct/2021:15:58:55 +0000] "DELETE /api/admin/exercise/6 HTTP/1.1" 200 181
::1 - - [03/Oct/2021:16:00:39 +0000] "DELETE /api/admin/exercise/9 HTTP/1.1" 200 181
::1 - - [03/Oct/2021:16:00:54 +0000] "DELETE /api/admin/exercise/9 HTTP/1.1" 200 181
::1 - - [03/Oct/2021:16:01:14 +0000] "DELETE /api/admin/exercise/9 HTTP/1.1" 200 181
::1 - - [03/Oct/2021:16:02:14 +0000] "DELETE /api/admin/exercise/9 HTTP/1.1" 500 44
::1 - - [03/Oct/2021:16:02:46 +0000] "DELETE /api/admin/exercise/9 HTTP/1.1" 500 44
::1 - - [03/Oct/2021:16:02:51 +0000] "DELETE /api/admin/exercise/5 HTTP/1.1" 200 181
::1 - - [03/Oct/2021:16:06:22 +0000] "GET /api/admin/exercise/5 HTTP/1.1" 400 46
::1 - - [03/Oct/2021:16:10:13 +0000] "POST /api/auth/sigin HTTP/1.1" 200 478
::1 - - [03/Oct/2021:16:10:48 +0000] "GET /api/user/users HTTP/1.1" 200 131
::1 - - [03/Oct/2021:17:05:36 +0000] "GET /api/user/users HTTP/1.1" 200 131
::1 - - [03/Oct/2021:17:05:43 +0000] "GET /api/user/own HTTP/1.1" 200 318
::1 - - [03/Oct/2021:17:10:14 +0000] "GET /api/user/own HTTP/1.1" 200 240
::1 - - [03/Oct/2021:17:10:52 +0000] "GET /api/user/own HTTP/1.1" 200 240
::1 - - [03/Oct/2021:17:12:17 +0000] "GET /api/user/own HTTP/1.1" 403 38
::1 - - [03/Oct/2021:17:12:20 +0000] "GET /api/user/own HTTP/1.1" 200 240
::1 - - [03/Oct/2021:17:19:17 +0000] "GET /api/user/own HTTP/1.1" 200 116
::1 - - [03/Oct/2021:17:19:46 +0000] "GET /api/user/own HTTP/1.1" 500 12
::1 - - [03/Oct/2021:17:20:04 +0000] "GET /api/user/own HTTP/1.1" 500 12
::1 - - [03/Oct/2021:17:20:12 +0000] "GET /api/user/own HTTP/1.1" 200 116
::1 - - [03/Oct/2021:17:20:37 +0000] "GET /api/user/own HTTP/1.1" 200 116
::1 - - [03/Oct/2021:17:21:08 +0000] "GET /api/user/own HTTP/1.1" 200 116
::1 - - [03/Oct/2021:17:21:27 +0000] "GET /api/user/own HTTP/1.1" 200 116
::1 - - [03/Oct/2021:17:32:25 +0000] "GET /exercise HTTP/1.1" 404 140
::1 - - [03/Oct/2021:17:32:29 +0000] "GET /exercises HTTP/1.1" 200 1160
::1 - - [03/Oct/2021:17:32:48 +0000] "GET /exercises?size=2&page=0 HTTP/1.1" 200 656
::1 - - [03/Oct/2021:17:34:18 +0000] "GET /exercises HTTP/1.1" 200 1160
